This file contains any messages produced by compilers while
running configure, to aid debugging if configure makes a mistake.

It was created by configure, which was
generated by GNU Autoconf 2.69.  Invocation command line was

  $ ./configure 

## --------- ##
## Platform. ##
## --------- ##

hostname = p3plzcpnl472838.prod.phx3.secureserver.net
uname -m = x86_64
uname -r = 2.6.32-954.3.5.lve1.4.82.el6.x86_64
uname -s = Linux
uname -v = #1 SMP Tue Mar 16 17:47:27 UTC 2021

/usr/bin/uname -p = unknown
/bin/uname -X     = unknown

/bin/arch              = x86_64
/usr/bin/arch -k       = unknown
/usr/convex/getsysinfo = unknown
/usr/bin/hostinfo      = unknown
/bin/machine           = unknown
/usr/bin/oslevel       = unknown
/bin/universe          = unknown

PATH: /usr/local/jdk/bin
PATH: /usr/local/cpanel/3rdparty/lib/path-bin
PATH: /usr/local/jdk/bin
PATH: /usr/kerberos/sbin
PATH: /usr/kerberos/bin
PATH: /usr/local/sbin
PATH: /usr/local/bin
PATH: /sbin
PATH: /bin
PATH: /usr/sbin
PATH: /usr/bin
PATH: /usr/X11R6/bin
PATH: /usr/local/bin
PATH: /usr/X11R6/bin
PATH: /root/bin
PATH: /opt/bin
PATH: /opt/cpanel/composer/bin
PATH: /opt/puppetlabs/bin
PATH: /usr/local/bin
PATH: /usr/X11R6/bin
PATH: /home/ymp1zkxjtgya/bin
PATH: /home/ymp1zkxjtgya/.python/bin


## ----------- ##
## Core tests. ##
## ----------- ##

configure:3543: checking build system type
configure:3557: result: x86_64-pc-linux-gnu
configure:3577: checking host system type
configure:3590: result: x86_64-pc-linux-gnu
configure:3665: checking for gcc
configure:3681: found /usr/bin/gcc
configure:3692: result: gcc
configure:3921: checking for C compiler version
configure:3930: gcc --version >&5
gcc (GCC) 4.4.7 20120313 (Red Hat 4.4.7-23)
Copyright (C) 2010 Free Software Foundation, Inc.
This is free software; see the source for copying conditions.  There is NO
warranty; not even for MERCHANTABILITY or FITNESS FOR A PARTICULAR PURPOSE.

configure:3941: $? = 0
configure:3930: gcc -v >&5
Using built-in specs.
Target: x86_64-redhat-linux
Configured with: ../configure --prefix=/usr --mandir=/usr/share/man --infodir=/usr/share/info --with-bugurl=http://bugzilla.redhat.com/bugzilla --enable-bootstrap --enable-shared --enable-threads=posix --enable-checking=release --with-system-zlib --enable-__cxa_atexit --disable-libunwind-exceptions --enable-gnu-unique-object --enable-languages=c,c++,objc,obj-c++,java,fortran,ada --enable-java-awt=gtk --disable-dssi --with-java-home=/usr/lib/jvm/java-1.5.0-gcj-1.5.0.0/jre --enable-libgcj-multifile --enable-java-maintainer-mode --with-ecj-jar=/usr/share/java/eclipse-ecj.jar --disable-libjava-multilib --with-ppl --with-cloog --with-tune=generic --with-arch_32=i686 --build=x86_64-redhat-linux
Thread model: posix
gcc version 4.4.7 20120313 (Red Hat 4.4.7-23) (GCC) 
configure:3941: $? = 0
configure:3930: gcc -V >&5
gcc: '-V' option must have argument
configure:3941: $? = 1
configure:3930: gcc -qversion >&5
gcc: unrecognized option '-qversion'
gcc: no input files
configure:3941: $? = 1
configure:3961: checking whether the C compiler works
configure:3983: gcc    conftest.c  >&5
configure:3987: $? = 0
configure:4035: result: yes
configure:4038: checking for C compiler default output file name
configure:4040: result: a.out
configure:4046: checking for suffix of executables
configure:4053: gcc -o conftest    conftest.c  >&5
configure:4057: $? = 0
configure:4079: result: 
configure:4101: checking whether we are cross compiling
configure:4109: gcc -o conftest    conftest.c  >&5
configure:4113: $? = 0
configure:4120: ./conftest
configure:4124: $? = 0
configure:4139: result: no
configure:4144: checking for suffix of object files
configure:4166: gcc -c   conftest.c >&5
configure:4170: $? = 0
configure:4191: result: o
configure:4195: checking whether we are using the GNU C compiler
configure:4214: gcc -c   conftest.c >&5
configure:4214: $? = 0
configure:4223: result: yes
configure:4232: checking whether gcc accepts -g
configure:4252: gcc -c -g  conftest.c >&5
configure:4252: $? = 0
configure:4293: result: yes
configure:4310: checking for gcc option to accept ISO C89
configure:4373: gcc  -c -g -O2  conftest.c >&5
configure:4373: $? = 0
configure:4386: result: none needed
configure:4407: checking for C compiler vendor
configure:4464: gcc -c -g -O2  conftest.c >&5
conftest.c: In function 'main':
conftest.c:15: error: 'thisisanerror' undeclared (first use in this function)
conftest.c:15: error: (Each undeclared identifier is reported only once
conftest.c:15: error: for each function it appears in.)
configure:4464: $? = 1
configure: failed program was:
| /* confdefs.h */
| #define PACKAGE_NAME ""
| #define PACKAGE_TARNAME ""
| #define PACKAGE_VERSION ""
| #define PACKAGE_STRING ""
| #define PACKAGE_BUGREPORT ""
| #define PACKAGE_URL ""
| /* end confdefs.h.  */
| 
| int
| main ()
| {
| 
| #if !(defined(__ICC) || defined(__ECC) || defined(__INTEL_COMPILER))
|       thisisanerror;
| #endif
| 
|   ;
|   return 0;
| }
configure:4464: gcc -c -g -O2  conftest.c >&5
conftest.c: In function 'main':
conftest.c:15: error: 'thisisanerror' undeclared (first use in this function)
conftest.c:15: error: (Each undeclared identifier is reported only once
conftest.c:15: error: for each function it appears in.)
configure:4464: $? = 1
configure: failed program was:
| /* confdefs.h */
| #define PACKAGE_NAME ""
| #define PACKAGE_TARNAME ""
| #define PACKAGE_VERSION ""
| #define PACKAGE_STRING ""
| #define PACKAGE_BUGREPORT ""
| #define PACKAGE_URL ""
| /* end confdefs.h.  */
| 
| int
| main ()
| {
| 
| #if !(defined(__xlc__) || defined(__xlC__) || defined(__IBMC__) || defined(__IBMCPP__) || defined(__ibmxl__))
|       thisisanerror;
| #endif
| 
|   ;
|   return 0;
| }
configure:4464: gcc -c -g -O2  conftest.c >&5
conftest.c: In function 'main':
conftest.c:15: error: 'thisisanerror' undeclared (first use in this function)
conftest.c:15: error: (Each undeclared identifier is reported only once
conftest.c:15: error: for each function it appears in.)
configure:4464: $? = 1
configure: failed program was:
| /* confdefs.h */
| #define PACKAGE_NAME ""
| #define PACKAGE_TARNAME ""
| #define PACKAGE_VERSION ""
| #define PACKAGE_STRING ""
| #define PACKAGE_BUGREPORT ""
| #define PACKAGE_URL ""
| /* end confdefs.h.  */
| 
| int
| main ()
| {
| 
| #if !(defined(__PATHCC__) || defined(__PATHSCALE__))
|       thisisanerror;
| #endif
| 
|   ;
|   return 0;
| }
configure:4464: gcc -c -g -O2  conftest.c >&5
conftest.c: In function 'main':
conftest.c:15: error: 'thisisanerror' undeclared (first use in this function)
conftest.c:15: error: (Each undeclared identifier is reported only once
conftest.c:15: error: for each function it appears in.)
configure:4464: $? = 1
configure: failed program was:
| /* confdefs.h */
| #define PACKAGE_NAME ""
| #define PACKAGE_TARNAME ""
| #define PACKAGE_VERSION ""
| #define PACKAGE_STRING ""
| #define PACKAGE_BUGREPORT ""
| #define PACKAGE_URL ""
| /* end confdefs.h.  */
| 
| int
| main ()
| {
| 
| #if !(defined(__clang__))
|       thisisanerror;
| #endif
| 
|   ;
|   return 0;
| }
configure:4464: gcc -c -g -O2  conftest.c >&5
conftest.c: In function 'main':
conftest.c:15: error: 'thisisanerror' undeclared (first use in this function)
conftest.c:15: error: (Each undeclared identifier is reported only once
conftest.c:15: error: for each function it appears in.)
configure:4464: $? = 1
configure: failed program was:
| /* confdefs.h */
| #define PACKAGE_NAME ""
| #define PACKAGE_TARNAME ""
| #define PACKAGE_VERSION ""
| #define PACKAGE_STRING ""
| #define PACKAGE_BUGREPORT ""
| #define PACKAGE_URL ""
| /* end confdefs.h.  */
| 
| int
| main ()
| {
| 
| #if !(defined(_CRAYC))
|       thisisanerror;
| #endif
| 
|   ;
|   return 0;
| }
configure:4464: gcc -c -g -O2  conftest.c >&5
conftest.c: In function 'main':
conftest.c:15: error: 'thisisanerror' undeclared (first use in this function)
conftest.c:15: error: (Each undeclared identifier is reported only once
conftest.c:15: error: for each function it appears in.)
configure:4464: $? = 1
configure: failed program was:
| /* confdefs.h */
| #define PACKAGE_NAME ""
| #define PACKAGE_TARNAME ""
| #define PACKAGE_VERSION ""
| #define PACKAGE_STRING ""
| #define PACKAGE_BUGREPORT ""
| #define PACKAGE_URL ""
| /* end confdefs.h.  */
| 
| int
| main ()
| {
| 
| #if !(defined(__FUJITSU))
|       thisisanerror;
| #endif
| 
|   ;
|   return 0;
| }
configure:4464: gcc -c -g -O2  conftest.c >&5
conftest.c: In function 'main':
conftest.c:15: error: 'thisisanerror' undeclared (first use in this function)
conftest.c:15: error: (Each undeclared identifier is reported only once
conftest.c:15: error: for each function it appears in.)
configure:4464: $? = 1
configure: failed program was:
| /* confdefs.h */
| #define PACKAGE_NAME ""
| #define PACKAGE_TARNAME ""
| #define PACKAGE_VERSION ""
| #define PACKAGE_STRING ""
| #define PACKAGE_BUGREPORT ""
| #define PACKAGE_URL ""
| /* end confdefs.h.  */
| 
| int
| main ()
| {
| 
| #if !(defined(SDCC) || defined(__SDCC))
|       thisisanerror;
| #endif
| 
|   ;
|   return 0;
| }
configure:4464: gcc -c -g -O2  conftest.c >&5
conftest.c: In function 'main':
conftest.c:15: error: 'thisisanerror' undeclared (first use in this function)
conftest.c:15: error: (Each undeclared identifier is reported only once
conftest.c:15: error: for each function it appears in.)
configure:4464: $? = 1
configure: failed program was:
| /* confdefs.h */
| #define PACKAGE_NAME ""
| #define PACKAGE_TARNAME ""
| #define PACKAGE_VERSION ""
| #define PACKAGE_STRING ""
| #define PACKAGE_BUGREPORT ""
| #define PACKAGE_URL ""
| /* end confdefs.h.  */
| 
| int
| main ()
| {
| 
| #if !(defined(_SX))
|       thisisanerror;
| #endif
| 
|   ;
|   return 0;
| }
configure:4464: gcc -c -g -O2  conftest.c >&5
conftest.c: In function 'main':
conftest.c:15: error: 'thisisanerror' undeclared (first use in this function)
conftest.c:15: error: (Each undeclared identifier is reported only once
conftest.c:15: error: for each function it appears in.)
configure:4464: $? = 1
configure: failed program was:
| /* confdefs.h */
| #define PACKAGE_NAME ""
| #define PACKAGE_TARNAME ""
| #define PACKAGE_VERSION ""
| #define PACKAGE_STRING ""
| #define PACKAGE_BUGREPORT ""
| #define PACKAGE_URL ""
| /* end confdefs.h.  */
| 
| int
| main ()
| {
| 
| #if !(defined(__PGI))
|       thisisanerror;
| #endif
| 
|   ;
|   return 0;
| }
configure:4464: gcc -c -g -O2  conftest.c >&5
configure:4464: $? = 0
configure:4473: result: gnu
configure:4492: checking C_WFLAGS for most reasonable warnings
configure:4586: : C_WFLAGS="$C_WFLAGS"
configure:4589: $? = 0
configure:4601: result: -Wall
configure:4675: checking for g++
configure:4691: found /usr/bin/g++
configure:4702: result: g++
configure:4729: checking for C++ compiler version
configure:4738: g++ --version >&5
g++ (GCC) 4.4.7 20120313 (Red Hat 4.4.7-23)
Copyright (C) 2010 Free Software Foundation, Inc.
This is free software; see the source for copying conditions.  There is NO
warranty; not even for MERCHANTABILITY or FITNESS FOR A PARTICULAR PURPOSE.

configure:4749: $? = 0
configure:4738: g++ -v >&5
Using built-in specs.
Target: x86_64-redhat-linux
Configured with: ../configure --prefix=/usr --mandir=/usr/share/man --infodir=/usr/share/info --with-bugurl=http://bugzilla.redhat.com/bugzilla --enable-bootstrap --enable-shared --enable-threads=posix --enable-checking=release --with-system-zlib --enable-__cxa_atexit --disable-libunwind-exceptions --enable-gnu-unique-object --enable-languages=c,c++,objc,obj-c++,java,fortran,ada --enable-java-awt=gtk --disable-dssi --with-java-home=/usr/lib/jvm/java-1.5.0-gcj-1.5.0.0/jre --enable-libgcj-multifile --enable-java-maintainer-mode --with-ecj-jar=/usr/share/java/eclipse-ecj.jar --disable-libjava-multilib --with-ppl --with-cloog --with-tune=generic --with-arch_32=i686 --build=x86_64-redhat-linux
Thread model: posix
gcc version 4.4.7 20120313 (Red Hat 4.4.7-23) (GCC) 
configure:4749: $? = 0
configure:4738: g++ -V >&5
g++: '-V' option must have argument
configure:4749: $? = 1
configure:4738: g++ -qversion >&5
g++: unrecognized option '-qversion'
g++: no input files
configure:4749: $? = 1
configure:4753: checking whether we are using the GNU C++ compiler
configure:4772: g++ -c   conftest.cpp >&5
configure:4772: $? = 0
configure:4781: result: yes
configure:4790: checking whether g++ accepts -g
configure:4810: g++ -c -g  conftest.cpp >&5
configure:4810: $? = 0
configure:4851: result: yes
configure:4875: checking for C++ compiler vendor
configure:4932: g++ -c -g -O2  conftest.cpp >&5
conftest.cpp: In function 'int main()':
conftest.cpp:15: error: 'thisisanerror' was not declared in this scope
configure:4932: $? = 1
configure: failed program was:
| /* confdefs.h */
| #define PACKAGE_NAME ""
| #define PACKAGE_TARNAME ""
| #define PACKAGE_VERSION ""
| #define PACKAGE_STRING ""
| #define PACKAGE_BUGREPORT ""
| #define PACKAGE_URL ""
| /* end confdefs.h.  */
| 
| int
| main ()
| {
| 
| #if !(defined(__ICC) || defined(__ECC) || defined(__INTEL_COMPILER))
|       thisisanerror;
| #endif
| 
|   ;
|   return 0;
| }
configure:4932: g++ -c -g -O2  conftest.cpp >&5
conftest.cpp: In function 'int main()':
conftest.cpp:15: error: 'thisisanerror' was not declared in this scope
configure:4932: $? = 1
configure: failed program was:
| /* confdefs.h */
| #define PACKAGE_NAME ""
| #define PACKAGE_TARNAME ""
| #define PACKAGE_VERSION ""
| #define PACKAGE_STRING ""
| #define PACKAGE_BUGREPORT ""
| #define PACKAGE_URL ""
| /* end confdefs.h.  */
| 
| int
| main ()
| {
| 
| #if !(defined(__xlc__) || defined(__xlC__) || defined(__IBMC__) || defined(__IBMCPP__) || defined(__ibmxl__))
|       thisisanerror;
| #endif
| 
|   ;
|   return 0;
| }
configure:4932: g++ -c -g -O2  conftest.cpp >&5
conftest.cpp: In function 'int main()':
conftest.cpp:15: error: 'thisisanerror' was not declared in this scope
configure:4932: $? = 1
configure: failed program was:
| /* confdefs.h */
| #define PACKAGE_NAME ""
| #define PACKAGE_TARNAME ""
| #define PACKAGE_VERSION ""
| #define PACKAGE_STRING ""
| #define PACKAGE_BUGREPORT ""
| #define PACKAGE_URL ""
| /* end confdefs.h.  */
| 
| int
| main ()
| {
| 
| #if !(defined(__PATHCC__) || defined(__PATHSCALE__))
|       thisisanerror;
| #endif
| 
|   ;
|   return 0;
| }
configure:4932: g++ -c -g -O2  conftest.cpp >&5
conftest.cpp: In function 'int main()':
conftest.cpp:15: error: 'thisisanerror' was not declared in this scope
configure:4932: $? = 1
configure: failed program was:
| /* confdefs.h */
| #define PACKAGE_NAME ""
| #define PACKAGE_TARNAME ""
| #define PACKAGE_VERSION ""
| #define PACKAGE_STRING ""
| #define PACKAGE_BUGREPORT ""
| #define PACKAGE_URL ""
| /* end confdefs.h.  */
| 
| int
| main ()
| {
| 
| #if !(defined(__clang__))
|       thisisanerror;
| #endif
| 
|   ;
|   return 0;
| }
configure:4932: g++ -c -g -O2  conftest.cpp >&5
conftest.cpp: In function 'int main()':
conftest.cpp:15: error: 'thisisanerror' was not declared in this scope
configure:4932: $? = 1
configure: failed program was:
| /* confdefs.h */
| #define PACKAGE_NAME ""
| #define PACKAGE_TARNAME ""
| #define PACKAGE_VERSION ""
| #define PACKAGE_STRING ""
| #define PACKAGE_BUGREPORT ""
| #define PACKAGE_URL ""
| /* end confdefs.h.  */
| 
| int
| main ()
| {
| 
| #if !(defined(_CRAYC))
|       thisisanerror;
| #endif
| 
|   ;
|   return 0;
| }
configure:4932: g++ -c -g -O2  conftest.cpp >&5
conftest.cpp: In function 'int main()':
conftest.cpp:15: error: 'thisisanerror' was not declared in this scope
configure:4932: $? = 1
configure: failed program was:
| /* confdefs.h */
| #define PACKAGE_NAME ""
| #define PACKAGE_TARNAME ""
| #define PACKAGE_VERSION ""
| #define PACKAGE_STRING ""
| #define PACKAGE_BUGREPORT ""
| #define PACKAGE_URL ""
| /* end confdefs.h.  */
| 
| int
| main ()
| {
| 
| #if !(defined(__FUJITSU))
|       thisisanerror;
| #endif
| 
|   ;
|   return 0;
| }
configure:4932: g++ -c -g -O2  conftest.cpp >&5
conftest.cpp: In function 'int main()':
conftest.cpp:15: error: 'thisisanerror' was not declared in this scope
configure:4932: $? = 1
configure: failed program was:
| /* confdefs.h */
| #define PACKAGE_NAME ""
| #define PACKAGE_TARNAME ""
| #define PACKAGE_VERSION ""
| #define PACKAGE_STRING ""
| #define PACKAGE_BUGREPORT ""
| #define PACKAGE_URL ""
| /* end confdefs.h.  */
| 
| int
| main ()
| {
| 
| #if !(defined(SDCC) || defined(__SDCC))
|       thisisanerror;
| #endif
| 
|   ;
|   return 0;
| }
configure:4932: g++ -c -g -O2  conftest.cpp >&5
conftest.cpp: In function 'int main()':
conftest.cpp:15: error: 'thisisanerror' was not declared in this scope
configure:4932: $? = 1
configure: failed program was:
| /* confdefs.h */
| #define PACKAGE_NAME ""
| #define PACKAGE_TARNAME ""
| #define PACKAGE_VERSION ""
| #define PACKAGE_STRING ""
| #define PACKAGE_BUGREPORT ""
| #define PACKAGE_URL ""
| /* end confdefs.h.  */
| 
| int
| main ()
| {
| 
| #if !(defined(_SX))
|       thisisanerror;
| #endif
| 
|   ;
|   return 0;
| }
configure:4932: g++ -c -g -O2  conftest.cpp >&5
conftest.cpp: In function 'int main()':
conftest.cpp:15: error: 'thisisanerror' was not declared in this scope
configure:4932: $? = 1
configure: failed program was:
| /* confdefs.h */
| #define PACKAGE_NAME ""
| #define PACKAGE_TARNAME ""
| #define PACKAGE_VERSION ""
| #define PACKAGE_STRING ""
| #define PACKAGE_BUGREPORT ""
| #define PACKAGE_URL ""
| /* end confdefs.h.  */
| 
| int
| main ()
| {
| 
| #if !(defined(__PGI))
|       thisisanerror;
| #endif
| 
|   ;
|   return 0;
| }
configure:4932: g++ -c -g -O2  conftest.cpp >&5
configure:4932: $? = 0
configure:4941: result: gnu
configure:4960: checking CXX_WFLAGS for most reasonable warnings
configure:5054: : CXX_WFLAGS="$CXX_WFLAGS"
configure:5057: $? = 0
configure:5069: result: -Wall
configure:5082: checking whether C compiler accepts -Werror -we10006
configure:5101: gcc -c -g -O2  -Werror -we10006  conftest.c >&5
gcc: unrecognized option '-we10006'
configure:5101: $? = 0
configure:5109: result: yes
configure:5119: checking whether C compiler accepts -diag-disable 188,1684,2259,2304,3280,11074,11076
configure:5138: gcc -c -g -O2 -Werror -we10006 -diag-disable 188,1684,2259,2304,3280,11074,11076  conftest.c >&5
gcc: 188,1684,2259,2304,3280,11074,11076: No such file or directory
gcc: unrecognized option '-we10006'
cc1: warning: unrecognized gcc debugging option: i
cc1: warning: unrecognized gcc debugging option: g
cc1: warning: unrecognized gcc debugging option: -
cc1: warning: unrecognized gcc debugging option: d
cc1: warning: unrecognized gcc debugging option: i
cc1: warning: unrecognized gcc debugging option: s
cc1: warning: unrecognized gcc debugging option: b
cc1: warning: unrecognized gcc debugging option: l
cc1: warning: unrecognized gcc debugging option: e
configure:5138: $? = 1
configure: failed program was:
| /* confdefs.h */
| #define PACKAGE_NAME ""
| #define PACKAGE_TARNAME ""
| #define PACKAGE_VERSION ""
| #define PACKAGE_STRING ""
| #define PACKAGE_BUGREPORT ""
| #define PACKAGE_URL ""
| /* end confdefs.h.  */
| 
| int
| main ()
| {
| 
|   ;
|   return 0;
| }
configure:5147: result: no
configure:5157: checking whether C compiler accepts -Wextra
configure:5176: gcc -c -g -O2 -Werror -we10006 -Wextra  conftest.c >&5
gcc: unrecognized option '-we10006'
configure:5176: $? = 0
configure:5185: result: yes
configure:5194: checking whether C compiler accepts -Winit-self
configure:5213: gcc -c -g -O2 -Werror -we10006 -Winit-self  conftest.c >&5
gcc: unrecognized option '-we10006'
configure:5213: $? = 0
configure:5222: result: yes
configure:5231: checking whether C compiler accepts -Wunused-parameter
configure:5250: gcc -c -g -O2 -Werror -we10006 -Wunused-parameter  conftest.c >&5
gcc: unrecognized option '-we10006'
configure:5250: $? = 0
configure:5259: result: yes
configure:5268: checking whether C compiler accepts -Wmissing-prototypes
configure:5287: gcc -c -g -O2 -Werror -we10006 -Wmissing-prototypes  conftest.c >&5
gcc: unrecognized option '-we10006'
configure:5287: $? = 0
configure:5296: result: yes
configure:5305: checking whether C compiler accepts -Wmissing-declarations
configure:5324: gcc -c -g -O2 -Werror -we10006 -Wmissing-declarations  conftest.c >&5
gcc: unrecognized option '-we10006'
configure:5324: $? = 0
configure:5333: result: yes
configure:5342: checking whether C compiler accepts -Wformat
configure:5361: gcc -c -g -O2 -Werror -we10006 -Wformat  conftest.c >&5
gcc: unrecognized option '-we10006'
configure:5361: $? = 0
configure:5370: result: yes
configure:5379: checking whether C compiler accepts -Wformat -Werror=format-security -Wno-format-nonliteral
configure:5398: gcc -c -g -O2 -Werror -we10006 -Wformat -Werror=format-security -Wno-format-nonliteral  conftest.c >&5
gcc: unrecognized option '-we10006'
configure:5398: $? = 0
configure:5407: result: yes
configure:5416: checking whether C compiler accepts -Wshorten-64-to-32
configure:5435: gcc -c -g -O2 -Werror -we10006 -Wshorten-64-to-32  conftest.c >&5
gcc: unrecognized option '-we10006'
cc1: error: unrecognized command line option "-Wshorten-64-to-32"
configure:5435: $? = 1
configure: failed program was:
| /* confdefs.h */
| #define PACKAGE_NAME ""
| #define PACKAGE_TARNAME ""
| #define PACKAGE_VERSION ""
| #define PACKAGE_STRING ""
| #define PACKAGE_BUGREPORT ""
| #define PACKAGE_URL ""
| /* end confdefs.h.  */
| 
| int
| main ()
| {
| 
|   ;
|   return 0;
| }
configure:5444: result: no
configure:5453: checking whether C compiler accepts -Wlogical-op
configure:5472: gcc -c -g -O2 -Werror -we10006 -Wlogical-op  conftest.c >&5
gcc: unrecognized option '-we10006'
configure:5472: $? = 0
configure:5481: result: yes
configure:5490: checking whether C compiler accepts -Wshadow
configure:5509: gcc -c -g -O2 -Werror -we10006 -Wshadow  conftest.c >&5
gcc: unrecognized option '-we10006'
configure:5509: $? = 0
configure:5518: result: yes
configure:5527: checking whether C compiler accepts -Wmissing-include-dirs
configure:5546: gcc -c -g -O2 -Werror -we10006 -Wmissing-include-dirs  conftest.c >&5
gcc: unrecognized option '-we10006'
configure:5546: $? = 0
configure:5555: result: yes
configure:5565: checking whether C compiler accepts -Werror=vla
configure:5584: gcc -c -g -O2 -Werror -we10006 -Werror=vla  conftest.c >&5
gcc: unrecognized option '-we10006'
configure:5584: $? = 0
configure:5593: result: yes
configure:5604: checking whether C compiler accepts -Wdate-time
configure:5623: gcc -c -g -O2 -Werror -we10006 -Wdate-time  conftest.c >&5
gcc: unrecognized option '-we10006'
cc1: error: unrecognized command line option "-Wdate-time"
configure:5623: $? = 1
configure: failed program was:
| /* confdefs.h */
| #define PACKAGE_NAME ""
| #define PACKAGE_TARNAME ""
| #define PACKAGE_VERSION ""
| #define PACKAGE_STRING ""
| #define PACKAGE_BUGREPORT ""
| #define PACKAGE_URL ""
| /* end confdefs.h.  */
| 
| int
| main ()
| {
| 
|   ;
|   return 0;
| }
configure:5632: result: no
configure:5642: checking whether C compiler accepts -Wnull-dereference
configure:5661: gcc -c -g -O2 -Werror -we10006 -Wnull-dereference  conftest.c >&5
gcc: unrecognized option '-we10006'
cc1: error: unrecognized command line option "-Wnull-dereference"
configure:5661: $? = 1
configure: failed program was:
| /* confdefs.h */
| #define PACKAGE_NAME ""
| #define PACKAGE_TARNAME ""
| #define PACKAGE_VERSION ""
| #define PACKAGE_STRING ""
| #define PACKAGE_BUGREPORT ""
| #define PACKAGE_URL ""
| /* end confdefs.h.  */
| 
| int
| main ()
| {
| 
|   ;
|   return 0;
| }
configure:5670: result: no
configure:5679: checking whether C compiler accepts -Wduplicated-cond
configure:5698: gcc -c -g -O2 -Werror -we10006 -Wduplicated-cond  conftest.c >&5
gcc: unrecognized option '-we10006'
cc1: error: unrecognized command line option "-Wduplicated-cond"
configure:5698: $? = 1
configure: failed program was:
| /* confdefs.h */
| #define PACKAGE_NAME ""
| #define PACKAGE_TARNAME ""
| #define PACKAGE_VERSION ""
| #define PACKAGE_STRING ""
| #define PACKAGE_BUGREPORT ""
| #define PACKAGE_URL ""
| /* end confdefs.h.  */
| 
| int
| main ()
| {
| 
|   ;
|   return 0;
| }
configure:5707: result: no
configure:5724: checking whether C++ compiler accepts -Wextra-semi
configure:5743: g++ -c -g -O2 -Werror -we10006 -Wextra-semi  conftest.cpp >&5
g++: unrecognized option '-we10006'
cc1plus: error: unrecognized command line option "-Wextra-semi"
configure:5743: $? = 1
configure: failed program was:
| /* confdefs.h */
| #define PACKAGE_NAME ""
| #define PACKAGE_TARNAME ""
| #define PACKAGE_VERSION ""
| #define PACKAGE_STRING ""
| #define PACKAGE_BUGREPORT ""
| #define PACKAGE_URL ""
| /* end confdefs.h.  */
| 
| int
| main ()
| {
| 
|   ;
|   return 0;
| }
configure:5752: result: no
configure:5768: checking whether C compiler accepts -Wno-sign-compare
configure:5787: gcc -c -g -O2 -Werror -we10006 -Wno-sign-compare  conftest.c >&5
gcc: unrecognized option '-we10006'
configure:5787: $? = 0
configure:5796: result: yes
configure:5806: checking whether C compiler accepts -Wcomma
configure:5825: gcc -c -g -O2 -Werror -we10006 -Wcomma  conftest.c >&5
gcc: unrecognized option '-we10006'
cc1: error: unrecognized command line option "-Wcomma"
configure:5825: $? = 1
configure: failed program was:
| /* confdefs.h */
| #define PACKAGE_NAME ""
| #define PACKAGE_TARNAME ""
| #define PACKAGE_VERSION ""
| #define PACKAGE_STRING ""
| #define PACKAGE_BUGREPORT ""
| #define PACKAGE_URL ""
| /* end confdefs.h.  */
| 
| int
| main ()
| {
| 
|   ;
|   return 0;
| }
configure:5834: result: no
configure:5844: checking whether C compiler accepts -Wfloat-conversion
configure:5863: gcc -c -g -O2 -Werror -we10006 -Wfloat-conversion  conftest.c >&5
gcc: unrecognized option '-we10006'
cc1: error: unrecognized command line option "-Wfloat-conversion"
configure:5863: $? = 1
configure: failed program was:
| /* confdefs.h */
| #define PACKAGE_NAME ""
| #define PACKAGE_TARNAME ""
| #define PACKAGE_VERSION ""
| #define PACKAGE_STRING ""
| #define PACKAGE_BUGREPORT ""
| #define PACKAGE_URL ""
| /* end confdefs.h.  */
| 
| int
| main ()
| {
| 
|   ;
|   return 0;
| }
configure:5872: result: no
configure:5882: checking whether C compiler accepts -Wdocumentation -Wno-documentation-deprecated-sync
configure:5901: gcc -c -g -O2 -Werror -we10006 -Wdocumentation -Wno-documentation-deprecated-sync  conftest.c >&5
gcc: unrecognized option '-we10006'
cc1: error: unrecognized command line option "-Wdocumentation"
cc1: warnings being treated as errors
cc1: error: unrecognized command line option "-Wno-documentation-deprecated-sync"
configure:5901: $? = 1
configure: failed program was:
| /* confdefs.h */
| #define PACKAGE_NAME ""
| #define PACKAGE_TARNAME ""
| #define PACKAGE_VERSION ""
| #define PACKAGE_STRING ""
| #define PACKAGE_BUGREPORT ""
| #define PACKAGE_URL ""
| /* end confdefs.h.  */
| 
| int
| main ()
| {
| 
|   ;
|   return 0;
| }
configure:5910: result: no
configure:5927: checking whether C++ compiler accepts -Wunused-private-field
configure:5946: g++ -c -g -O2 -Werror -we10006 -Wunused-private-field  conftest.cpp >&5
g++: unrecognized option '-we10006'
cc1plus: error: unrecognized command line option "-Wunused-private-field"
configure:5946: $? = 1
configure: failed program was:
| /* confdefs.h */
| #define PACKAGE_NAME ""
| #define PACKAGE_TARNAME ""
| #define PACKAGE_VERSION ""
| #define PACKAGE_STRING ""
| #define PACKAGE_BUGREPORT ""
| #define PACKAGE_URL ""
| /* end confdefs.h.  */
| 
| int
| main ()
| {
| 
|   ;
|   return 0;
| }
configure:5955: result: no
configure:5964: checking whether C++ compiler accepts -Wmissing-declarations
configure:5983: g++ -c -g -O2 -Werror -we10006 -Wmissing-declarations  conftest.cpp >&5
g++: unrecognized option '-we10006'
configure:5983: $? = 0
configure:5992: result: yes
configure:6001: checking whether C++ compiler accepts -Wnon-virtual-dtor
configure:6020: g++ -c -g -O2 -Werror -we10006 -Wnon-virtual-dtor  conftest.cpp >&5
g++: unrecognized option '-we10006'
configure:6020: $? = 0
configure:6029: result: yes
configure:6038: checking whether C++ compiler accepts -Wold-style-cast
configure:6057: g++ -c -g -O2 -Werror -we10006 -Wold-style-cast  conftest.cpp >&5
g++: unrecognized option '-we10006'
configure:6057: $? = 0
configure:6066: result: yes
configure:6075: checking whether C++ compiler accepts -Weffc++
configure:6094: g++ -c -g -O2 -Werror -we10006 -Weffc++  conftest.cpp >&5
g++: unrecognized option '-we10006'
configure:6094: $? = 0
configure:6103: result: yes
configure:6115: checking if -Weffc++ should be enabled
configure:6131: g++ -c -g -O2 -Weffc++ -Werror  conftest.cpp >&5
cc1plus: warnings being treated as errors
conftest.cpp:11: error: base class 'class Base' has a non-virtual destructor
configure:6131: $? = 1
configure: failed program was:
| /* confdefs.h */
| #define PACKAGE_NAME ""
| #define PACKAGE_TARNAME ""
| #define PACKAGE_VERSION ""
| #define PACKAGE_STRING ""
| #define PACKAGE_BUGREPORT ""
| #define PACKAGE_URL ""
| /* end confdefs.h.  */
| 
|     class Base {};
|     class A: public Base {};
| 
| int
| main ()
| {
| 
|   ;
|   return 0;
| }
configure:6136: result: no
configure:6144: checking whether C++ compiler accepts -Woverloaded-virtual
configure:6163: g++ -c -g -O2 -Werror -we10006 -Woverloaded-virtual  conftest.cpp >&5
g++: unrecognized option '-we10006'
configure:6163: $? = 0
configure:6172: result: yes
configure:6182: checking whether C++ compiler accepts -fno-operator-names
configure:6201: g++ -c -g -O2 -Werror -we10006 -fno-operator-names  conftest.cpp >&5
g++: unrecognized option '-we10006'
configure:6201: $? = 0
configure:6210: result: yes
configure:6221: checking whether C++ compiler accepts -Wzero-as-null-pointer-constant
configure:6240: g++ -c -g -O2 -Werror -we10006 -Wzero-as-null-pointer-constant  conftest.cpp >&5
g++: unrecognized option '-we10006'
cc1plus: error: unrecognized command line option "-Wzero-as-null-pointer-constant"
configure:6240: $? = 1
configure: failed program was:
| /* confdefs.h */
| #define PACKAGE_NAME ""
| #define PACKAGE_TARNAME ""
| #define PACKAGE_VERSION ""
| #define PACKAGE_STRING ""
| #define PACKAGE_BUGREPORT ""
| #define PACKAGE_URL ""
| /* end confdefs.h.  */
| 
| int
| main ()
| {
| 
|   ;
|   return 0;
| }
configure:6249: result: no
configure:6280: checking if use C++14 compiler options
configure:7191: result: disabled by user
configure:7205: checking whether g++ supports C++11 features by default
configure:7499: g++ -c -g -O2  conftest.cpp >&5
conftest.cpp:20:2: error: #error "This is not a C++11 compiler"
configure:7499: $? = 1
configure: failed program was:
| /* confdefs.h */
| #define PACKAGE_NAME ""
| #define PACKAGE_TARNAME ""
| #define PACKAGE_VERSION ""
| #define PACKAGE_STRING ""
| #define PACKAGE_BUGREPORT ""
| #define PACKAGE_URL ""
| /* end confdefs.h.  */
| 
| 
| // If the compiler admits that it is not ready for C++11, why torture it?
| // Hopefully, this will speed up the test.
| 
| #ifndef __cplusplus
| 
| #error "This is not a C++ compiler"
| 
| #elif __cplusplus < 201103L
| 
| #error "This is not a C++11 compiler"
| 
| #else
| 
| namespace cxx11
| {
| 
|   namespace test_static_assert
|   {
| 
|     template <typename T>
|     struct check
|     {
|       static_assert(sizeof(int) <= sizeof(T), "not big enough");
|     };
| 
|   }
| 
|   namespace test_final_override
|   {
| 
|     struct Base
|     {
|       virtual void f() {}
|     };
| 
|     struct Derived : public Base
|     {
|       virtual void f() override {}
|     };
| 
|   }
| 
|   namespace test_double_right_angle_brackets
|   {
| 
|     template < typename T >
|     struct check {};
| 
|     typedef check<void> single_type;
|     typedef check<check<void>> double_type;
|     typedef check<check<check<void>>> triple_type;
|     typedef check<check<check<check<void>>>> quadruple_type;
| 
|   }
| 
|   namespace test_decltype
|   {
| 
|     int
|     f()
|     {
|       int a = 1;
|       decltype(a) b = 2;
|       return a + b;
|     }
| 
|   }
| 
|   namespace test_type_deduction
|   {
| 
|     template < typename T1, typename T2 >
|     struct is_same
|     {
|       static const bool value = false;
|     };
| 
|     template < typename T >
|     struct is_same<T, T>
|     {
|       static const bool value = true;
|     };
| 
|     template < typename T1, typename T2 >
|     auto
|     add(T1 a1, T2 a2) -> decltype(a1 + a2)
|     {
|       return a1 + a2;
|     }
| 
|     int
|     test(const int c, volatile int v)
|     {
|       static_assert(is_same<int, decltype(0)>::value == true, "");
|       static_assert(is_same<int, decltype(c)>::value == false, "");
|       static_assert(is_same<int, decltype(v)>::value == false, "");
|       auto ac = c;
|       auto av = v;
|       auto sumi = ac + av + 'x';
|       auto sumf = ac + av + 1.0;
|       static_assert(is_same<int, decltype(ac)>::value == true, "");
|       static_assert(is_same<int, decltype(av)>::value == true, "");
|       static_assert(is_same<int, decltype(sumi)>::value == true, "");
|       static_assert(is_same<int, decltype(sumf)>::value == false, "");
|       static_assert(is_same<int, decltype(add(c, v))>::value == true, "");
|       return (sumf > 0.0) ? sumi : add(c, v);
|     }
| 
|   }
| 
|   namespace test_noexcept
|   {
| 
|     int f() { return 0; }
|     int g() noexcept { return 0; }
| 
|     static_assert(noexcept(f()) == false, "");
|     static_assert(noexcept(g()) == true, "");
| 
|   }
| 
|   namespace test_constexpr
|   {
| 
|     template < typename CharT >
|     unsigned long constexpr
|     strlen_c_r(const CharT *const s, const unsigned long acc) noexcept
|     {
|       return *s ? strlen_c_r(s + 1, acc + 1) : acc;
|     }
| 
|     template < typename CharT >
|     unsigned long constexpr
|     strlen_c(const CharT *const s) noexcept
|     {
|       return strlen_c_r(s, 0UL);
|     }
| 
|     static_assert(strlen_c("") == 0UL, "");
|     static_assert(strlen_c("1") == 1UL, "");
|     static_assert(strlen_c("example") == 7UL, "");
|     static_assert(strlen_c("another\0example") == 7UL, "");
| 
|   }
| 
|   namespace test_rvalue_references
|   {
| 
|     template < int N >
|     struct answer
|     {
|       static constexpr int value = N;
|     };
| 
|     answer<1> f(int&)       { return answer<1>(); }
|     answer<2> f(const int&) { return answer<2>(); }
|     answer<3> f(int&&)      { return answer<3>(); }
| 
|     void
|     test()
|     {
|       int i = 0;
|       const int c = 0;
|       static_assert(decltype(f(i))::value == 1, "");
|       static_assert(decltype(f(c))::value == 2, "");
|       static_assert(decltype(f(0))::value == 3, "");
|     }
| 
|   }
| 
|   namespace test_uniform_initialization
|   {
| 
|     struct test
|     {
|       static const int zero {};
|       static const int one {1};
|     };
| 
|     static_assert(test::zero == 0, "");
|     static_assert(test::one == 1, "");
| 
|   }
| 
|   namespace test_lambdas
|   {
| 
|     void
|     test1()
|     {
|       auto lambda1 = [](){};
|       auto lambda2 = lambda1;
|       lambda1();
|       lambda2();
|     }
| 
|     int
|     test2()
|     {
|       auto a = [](int i, int j){ return i + j; }(1, 2);
|       auto b = []() -> int { return '0'; }();
|       auto c = [=](){ return a + b; }();
|       auto d = [&](){ return c; }();
|       auto e = [a, &b](int x) mutable {
|         const auto identity = [](int y){ return y; };
|         for (auto i = 0; i < a; ++i)
|           a += b--;
|         return x + identity(a + b);
|       }(0);
|       return a + b + c + d + e;
|     }
| 
|     int
|     test3()
|     {
|       const auto nullary = [](){ return 0; };
|       const auto unary = [](int x){ return x; };
|       using nullary_t = decltype(nullary);
|       using unary_t = decltype(unary);
|       const auto higher1st = [](nullary_t f){ return f(); };
|       const auto higher2nd = [unary](nullary_t f1){
|         return [unary, f1](unary_t f2){ return f2(unary(f1())); };
|       };
|       return higher1st(nullary) + higher2nd(nullary)(unary);
|     }
| 
|   }
| 
|   namespace test_variadic_templates
|   {
| 
|     template <int...>
|     struct sum;
| 
|     template <int N0, int... N1toN>
|     struct sum<N0, N1toN...>
|     {
|       static constexpr auto value = N0 + sum<N1toN...>::value;
|     };
| 
|     template <>
|     struct sum<>
|     {
|       static constexpr auto value = 0;
|     };
| 
|     static_assert(sum<>::value == 0, "");
|     static_assert(sum<1>::value == 1, "");
|     static_assert(sum<23>::value == 23, "");
|     static_assert(sum<1, 2>::value == 3, "");
|     static_assert(sum<5, 5, 11>::value == 21, "");
|     static_assert(sum<2, 3, 5, 7, 11, 13>::value == 41, "");
| 
|   }
| 
|   // http://stackoverflow.com/questions/13728184/template-aliases-and-sfinae
|   // Clang 3.1 fails with headers of libstd++ 4.8.3 when using std::function
|   // because of this.
|   namespace test_template_alias_sfinae
|   {
| 
|     struct foo {};
| 
|     template<typename T>
|     using member = typename T::member_type;
| 
|     template<typename T>
|     void func(...) {}
| 
|     template<typename T>
|     void func(member<T>*) {}
| 
|     void test();
| 
|     void test() { func<foo>(0); }
| 
|   }
| 
| }  // namespace cxx11
| 
| #endif  // __cplusplus >= 201103L
| 
| 
| 
configure:7506: result: no
configure:7517: checking whether g++ supports C++11 features with -std=c++11
configure:7813: g++ -std=c++11 -c -g -O2  conftest.cpp >&5
cc1plus: error: unrecognized command line option "-std=c++11"
configure:7813: $? = 1
configure: failed program was:
| /* confdefs.h */
| #define PACKAGE_NAME ""
| #define PACKAGE_TARNAME ""
| #define PACKAGE_VERSION ""
| #define PACKAGE_STRING ""
| #define PACKAGE_BUGREPORT ""
| #define PACKAGE_URL ""
| /* end confdefs.h.  */
| 
| 
| // If the compiler admits that it is not ready for C++11, why torture it?
| // Hopefully, this will speed up the test.
| 
| #ifndef __cplusplus
| 
| #error "This is not a C++ compiler"
| 
| #elif __cplusplus < 201103L
| 
| #error "This is not a C++11 compiler"
| 
| #else
| 
| namespace cxx11
| {
| 
|   namespace test_static_assert
|   {
| 
|     template <typename T>
|     struct check
|     {
|       static_assert(sizeof(int) <= sizeof(T), "not big enough");
|     };
| 
|   }
| 
|   namespace test_final_override
|   {
| 
|     struct Base
|     {
|       virtual void f() {}
|     };
| 
|     struct Derived : public Base
|     {
|       virtual void f() override {}
|     };
| 
|   }
| 
|   namespace test_double_right_angle_brackets
|   {
| 
|     template < typename T >
|     struct check {};
| 
|     typedef check<void> single_type;
|     typedef check<check<void>> double_type;
|     typedef check<check<check<void>>> triple_type;
|     typedef check<check<check<check<void>>>> quadruple_type;
| 
|   }
| 
|   namespace test_decltype
|   {
| 
|     int
|     f()
|     {
|       int a = 1;
|       decltype(a) b = 2;
|       return a + b;
|     }
| 
|   }
| 
|   namespace test_type_deduction
|   {
| 
|     template < typename T1, typename T2 >
|     struct is_same
|     {
|       static const bool value = false;
|     };
| 
|     template < typename T >
|     struct is_same<T, T>
|     {
|       static const bool value = true;
|     };
| 
|     template < typename T1, typename T2 >
|     auto
|     add(T1 a1, T2 a2) -> decltype(a1 + a2)
|     {
|       return a1 + a2;
|     }
| 
|     int
|     test(const int c, volatile int v)
|     {
|       static_assert(is_same<int, decltype(0)>::value == true, "");
|       static_assert(is_same<int, decltype(c)>::value == false, "");
|       static_assert(is_same<int, decltype(v)>::value == false, "");
|       auto ac = c;
|       auto av = v;
|       auto sumi = ac + av + 'x';
|       auto sumf = ac + av + 1.0;
|       static_assert(is_same<int, decltype(ac)>::value == true, "");
|       static_assert(is_same<int, decltype(av)>::value == true, "");
|       static_assert(is_same<int, decltype(sumi)>::value == true, "");
|       static_assert(is_same<int, decltype(sumf)>::value == false, "");
|       static_assert(is_same<int, decltype(add(c, v))>::value == true, "");
|       return (sumf > 0.0) ? sumi : add(c, v);
|     }
| 
|   }
| 
|   namespace test_noexcept
|   {
| 
|     int f() { return 0; }
|     int g() noexcept { return 0; }
| 
|     static_assert(noexcept(f()) == false, "");
|     static_assert(noexcept(g()) == true, "");
| 
|   }
| 
|   namespace test_constexpr
|   {
| 
|     template < typename CharT >
|     unsigned long constexpr
|     strlen_c_r(const CharT *const s, const unsigned long acc) noexcept
|     {
|       return *s ? strlen_c_r(s + 1, acc + 1) : acc;
|     }
| 
|     template < typename CharT >
|     unsigned long constexpr
|     strlen_c(const CharT *const s) noexcept
|     {
|       return strlen_c_r(s, 0UL);
|     }
| 
|     static_assert(strlen_c("") == 0UL, "");
|     static_assert(strlen_c("1") == 1UL, "");
|     static_assert(strlen_c("example") == 7UL, "");
|     static_assert(strlen_c("another\0example") == 7UL, "");
| 
|   }
| 
|   namespace test_rvalue_references
|   {
| 
|     template < int N >
|     struct answer
|     {
|       static constexpr int value = N;
|     };
| 
|     answer<1> f(int&)       { return answer<1>(); }
|     answer<2> f(const int&) { return answer<2>(); }
|     answer<3> f(int&&)      { return answer<3>(); }
| 
|     void
|     test()
|     {
|       int i = 0;
|       const int c = 0;
|       static_assert(decltype(f(i))::value == 1, "");
|       static_assert(decltype(f(c))::value == 2, "");
|       static_assert(decltype(f(0))::value == 3, "");
|     }
| 
|   }
| 
|   namespace test_uniform_initialization
|   {
| 
|     struct test
|     {
|       static const int zero {};
|       static const int one {1};
|     };
| 
|     static_assert(test::zero == 0, "");
|     static_assert(test::one == 1, "");
| 
|   }
| 
|   namespace test_lambdas
|   {
| 
|     void
|     test1()
|     {
|       auto lambda1 = [](){};
|       auto lambda2 = lambda1;
|       lambda1();
|       lambda2();
|     }
| 
|     int
|     test2()
|     {
|       auto a = [](int i, int j){ return i + j; }(1, 2);
|       auto b = []() -> int { return '0'; }();
|       auto c = [=](){ return a + b; }();
|       auto d = [&](){ return c; }();
|       auto e = [a, &b](int x) mutable {
|         const auto identity = [](int y){ return y; };
|         for (auto i = 0; i < a; ++i)
|           a += b--;
|         return x + identity(a + b);
|       }(0);
|       return a + b + c + d + e;
|     }
| 
|     int
|     test3()
|     {
|       const auto nullary = [](){ return 0; };
|       const auto unary = [](int x){ return x; };
|       using nullary_t = decltype(nullary);
|       using unary_t = decltype(unary);
|       const auto higher1st = [](nullary_t f){ return f(); };
|       const auto higher2nd = [unary](nullary_t f1){
|         return [unary, f1](unary_t f2){ return f2(unary(f1())); };
|       };
|       return higher1st(nullary) + higher2nd(nullary)(unary);
|     }
| 
|   }
| 
|   namespace test_variadic_templates
|   {
| 
|     template <int...>
|     struct sum;
| 
|     template <int N0, int... N1toN>
|     struct sum<N0, N1toN...>
|     {
|       static constexpr auto value = N0 + sum<N1toN...>::value;
|     };
| 
|     template <>
|     struct sum<>
|     {
|       static constexpr auto value = 0;
|     };
| 
|     static_assert(sum<>::value == 0, "");
|     static_assert(sum<1>::value == 1, "");
|     static_assert(sum<23>::value == 23, "");
|     static_assert(sum<1, 2>::value == 3, "");
|     static_assert(sum<5, 5, 11>::value == 21, "");
|     static_assert(sum<2, 3, 5, 7, 11, 13>::value == 41, "");
| 
|   }
| 
|   // http://stackoverflow.com/questions/13728184/template-aliases-and-sfinae
|   // Clang 3.1 fails with headers of libstd++ 4.8.3 when using std::function
|   // because of this.
|   namespace test_template_alias_sfinae
|   {
| 
|     struct foo {};
| 
|     template<typename T>
|     using member = typename T::member_type;
| 
|     template<typename T>
|     void func(...) {}
| 
|     template<typename T>
|     void func(member<T>*) {}
| 
|     void test();
| 
|     void test() { func<foo>(0); }
| 
|   }
| 
| }  // namespace cxx11
| 
| #endif  // __cplusplus >= 201103L
| 
| 
| 
configure:7822: result: no
configure:7517: checking whether g++ supports C++11 features with -std=c++0x
configure:7813: g++ -std=c++0x -c -g -O2  conftest.cpp >&5
conftest.cpp:20:2: error: #error "This is not a C++11 compiler"
configure:7813: $? = 1
configure: failed program was:
| /* confdefs.h */
| #define PACKAGE_NAME ""
| #define PACKAGE_TARNAME ""
| #define PACKAGE_VERSION ""
| #define PACKAGE_STRING ""
| #define PACKAGE_BUGREPORT ""
| #define PACKAGE_URL ""
| /* end confdefs.h.  */
| 
| 
| // If the compiler admits that it is not ready for C++11, why torture it?
| // Hopefully, this will speed up the test.
| 
| #ifndef __cplusplus
| 
| #error "This is not a C++ compiler"
| 
| #elif __cplusplus < 201103L
| 
| #error "This is not a C++11 compiler"
| 
| #else
| 
| namespace cxx11
| {
| 
|   namespace test_static_assert
|   {
| 
|     template <typename T>
|     struct check
|     {
|       static_assert(sizeof(int) <= sizeof(T), "not big enough");
|     };
| 
|   }
| 
|   namespace test_final_override
|   {
| 
|     struct Base
|     {
|       virtual void f() {}
|     };
| 
|     struct Derived : public Base
|     {
|       virtual void f() override {}
|     };
| 
|   }
| 
|   namespace test_double_right_angle_brackets
|   {
| 
|     template < typename T >
|     struct check {};
| 
|     typedef check<void> single_type;
|     typedef check<check<void>> double_type;
|     typedef check<check<check<void>>> triple_type;
|     typedef check<check<check<check<void>>>> quadruple_type;
| 
|   }
| 
|   namespace test_decltype
|   {
| 
|     int
|     f()
|     {
|       int a = 1;
|       decltype(a) b = 2;
|       return a + b;
|     }
| 
|   }
| 
|   namespace test_type_deduction
|   {
| 
|     template < typename T1, typename T2 >
|     struct is_same
|     {
|       static const bool value = false;
|     };
| 
|     template < typename T >
|     struct is_same<T, T>
|     {
|       static const bool value = true;
|     };
| 
|     template < typename T1, typename T2 >
|     auto
|     add(T1 a1, T2 a2) -> decltype(a1 + a2)
|     {
|       return a1 + a2;
|     }
| 
|     int
|     test(const int c, volatile int v)
|     {
|       static_assert(is_same<int, decltype(0)>::value == true, "");
|       static_assert(is_same<int, decltype(c)>::value == false, "");
|       static_assert(is_same<int, decltype(v)>::value == false, "");
|       auto ac = c;
|       auto av = v;
|       auto sumi = ac + av + 'x';
|       auto sumf = ac + av + 1.0;
|       static_assert(is_same<int, decltype(ac)>::value == true, "");
|       static_assert(is_same<int, decltype(av)>::value == true, "");
|       static_assert(is_same<int, decltype(sumi)>::value == true, "");
|       static_assert(is_same<int, decltype(sumf)>::value == false, "");
|       static_assert(is_same<int, decltype(add(c, v))>::value == true, "");
|       return (sumf > 0.0) ? sumi : add(c, v);
|     }
| 
|   }
| 
|   namespace test_noexcept
|   {
| 
|     int f() { return 0; }
|     int g() noexcept { return 0; }
| 
|     static_assert(noexcept(f()) == false, "");
|     static_assert(noexcept(g()) == true, "");
| 
|   }
| 
|   namespace test_constexpr
|   {
| 
|     template < typename CharT >
|     unsigned long constexpr
|     strlen_c_r(const CharT *const s, const unsigned long acc) noexcept
|     {
|       return *s ? strlen_c_r(s + 1, acc + 1) : acc;
|     }
| 
|     template < typename CharT >
|     unsigned long constexpr
|     strlen_c(const CharT *const s) noexcept
|     {
|       return strlen_c_r(s, 0UL);
|     }
| 
|     static_assert(strlen_c("") == 0UL, "");
|     static_assert(strlen_c("1") == 1UL, "");
|     static_assert(strlen_c("example") == 7UL, "");
|     static_assert(strlen_c("another\0example") == 7UL, "");
| 
|   }
| 
|   namespace test_rvalue_references
|   {
| 
|     template < int N >
|     struct answer
|     {
|       static constexpr int value = N;
|     };
| 
|     answer<1> f(int&)       { return answer<1>(); }
|     answer<2> f(const int&) { return answer<2>(); }
|     answer<3> f(int&&)      { return answer<3>(); }
| 
|     void
|     test()
|     {
|       int i = 0;
|       const int c = 0;
|       static_assert(decltype(f(i))::value == 1, "");
|       static_assert(decltype(f(c))::value == 2, "");
|       static_assert(decltype(f(0))::value == 3, "");
|     }
| 
|   }
| 
|   namespace test_uniform_initialization
|   {
| 
|     struct test
|     {
|       static const int zero {};
|       static const int one {1};
|     };
| 
|     static_assert(test::zero == 0, "");
|     static_assert(test::one == 1, "");
| 
|   }
| 
|   namespace test_lambdas
|   {
| 
|     void
|     test1()
|     {
|       auto lambda1 = [](){};
|       auto lambda2 = lambda1;
|       lambda1();
|       lambda2();
|     }
| 
|     int
|     test2()
|     {
|       auto a = [](int i, int j){ return i + j; }(1, 2);
|       auto b = []() -> int { return '0'; }();
|       auto c = [=](){ return a + b; }();
|       auto d = [&](){ return c; }();
|       auto e = [a, &b](int x) mutable {
|         const auto identity = [](int y){ return y; };
|         for (auto i = 0; i < a; ++i)
|           a += b--;
|         return x + identity(a + b);
|       }(0);
|       return a + b + c + d + e;
|     }
| 
|     int
|     test3()
|     {
|       const auto nullary = [](){ return 0; };
|       const auto unary = [](int x){ return x; };
|       using nullary_t = decltype(nullary);
|       using unary_t = decltype(unary);
|       const auto higher1st = [](nullary_t f){ return f(); };
|       const auto higher2nd = [unary](nullary_t f1){
|         return [unary, f1](unary_t f2){ return f2(unary(f1())); };
|       };
|       return higher1st(nullary) + higher2nd(nullary)(unary);
|     }
| 
|   }
| 
|   namespace test_variadic_templates
|   {
| 
|     template <int...>
|     struct sum;
| 
|     template <int N0, int... N1toN>
|     struct sum<N0, N1toN...>
|     {
|       static constexpr auto value = N0 + sum<N1toN...>::value;
|     };
| 
|     template <>
|     struct sum<>
|     {
|       static constexpr auto value = 0;
|     };
| 
|     static_assert(sum<>::value == 0, "");
|     static_assert(sum<1>::value == 1, "");
|     static_assert(sum<23>::value == 23, "");
|     static_assert(sum<1, 2>::value == 3, "");
|     static_assert(sum<5, 5, 11>::value == 21, "");
|     static_assert(sum<2, 3, 5, 7, 11, 13>::value == 41, "");
| 
|   }
| 
|   // http://stackoverflow.com/questions/13728184/template-aliases-and-sfinae
|   // Clang 3.1 fails with headers of libstd++ 4.8.3 when using std::function
|   // because of this.
|   namespace test_template_alias_sfinae
|   {
| 
|     struct foo {};
| 
|     template<typename T>
|     using member = typename T::member_type;
| 
|     template<typename T>
|     void func(...) {}
| 
|     template<typename T>
|     void func(member<T>*) {}
| 
|     void test();
| 
|     void test() { func<foo>(0); }
| 
|   }
| 
| }  // namespace cxx11
| 
| #endif  // __cplusplus >= 201103L
| 
| 
| 
configure:7822: result: no
configure:7517: checking whether g++ supports C++11 features with +std=c++11
configure:7813: g++ +std=c++11 -c -g -O2  conftest.cpp >&5
g++: +std=c++11: No such file or directory
conftest.cpp:20:2: error: #error "This is not a C++11 compiler"
configure:7813: $? = 1
configure: failed program was:
| /* confdefs.h */
| #define PACKAGE_NAME ""
| #define PACKAGE_TARNAME ""
| #define PACKAGE_VERSION ""
| #define PACKAGE_STRING ""
| #define PACKAGE_BUGREPORT ""
| #define PACKAGE_URL ""
| /* end confdefs.h.  */
| 
| 
| // If the compiler admits that it is not ready for C++11, why torture it?
| // Hopefully, this will speed up the test.
| 
| #ifndef __cplusplus
| 
| #error "This is not a C++ compiler"
| 
| #elif __cplusplus < 201103L
| 
| #error "This is not a C++11 compiler"
| 
| #else
| 
| namespace cxx11
| {
| 
|   namespace test_static_assert
|   {
| 
|     template <typename T>
|     struct check
|     {
|       static_assert(sizeof(int) <= sizeof(T), "not big enough");
|     };
| 
|   }
| 
|   namespace test_final_override
|   {
| 
|     struct Base
|     {
|       virtual void f() {}
|     };
| 
|     struct Derived : public Base
|     {
|       virtual void f() override {}
|     };
| 
|   }
| 
|   namespace test_double_right_angle_brackets
|   {
| 
|     template < typename T >
|     struct check {};
| 
|     typedef check<void> single_type;
|     typedef check<check<void>> double_type;
|     typedef check<check<check<void>>> triple_type;
|     typedef check<check<check<check<void>>>> quadruple_type;
| 
|   }
| 
|   namespace test_decltype
|   {
| 
|     int
|     f()
|     {
|       int a = 1;
|       decltype(a) b = 2;
|       return a + b;
|     }
| 
|   }
| 
|   namespace test_type_deduction
|   {
| 
|     template < typename T1, typename T2 >
|     struct is_same
|     {
|       static const bool value = false;
|     };
| 
|     template < typename T >
|     struct is_same<T, T>
|     {
|       static const bool value = true;
|     };
| 
|     template < typename T1, typename T2 >
|     auto
|     add(T1 a1, T2 a2) -> decltype(a1 + a2)
|     {
|       return a1 + a2;
|     }
| 
|     int
|     test(const int c, volatile int v)
|     {
|       static_assert(is_same<int, decltype(0)>::value == true, "");
|       static_assert(is_same<int, decltype(c)>::value == false, "");
|       static_assert(is_same<int, decltype(v)>::value == false, "");
|       auto ac = c;
|       auto av = v;
|       auto sumi = ac + av + 'x';
|       auto sumf = ac + av + 1.0;
|       static_assert(is_same<int, decltype(ac)>::value == true, "");
|       static_assert(is_same<int, decltype(av)>::value == true, "");
|       static_assert(is_same<int, decltype(sumi)>::value == true, "");
|       static_assert(is_same<int, decltype(sumf)>::value == false, "");
|       static_assert(is_same<int, decltype(add(c, v))>::value == true, "");
|       return (sumf > 0.0) ? sumi : add(c, v);
|     }
| 
|   }
| 
|   namespace test_noexcept
|   {
| 
|     int f() { return 0; }
|     int g() noexcept { return 0; }
| 
|     static_assert(noexcept(f()) == false, "");
|     static_assert(noexcept(g()) == true, "");
| 
|   }
| 
|   namespace test_constexpr
|   {
| 
|     template < typename CharT >
|     unsigned long constexpr
|     strlen_c_r(const CharT *const s, const unsigned long acc) noexcept
|     {
|       return *s ? strlen_c_r(s + 1, acc + 1) : acc;
|     }
| 
|     template < typename CharT >
|     unsigned long constexpr
|     strlen_c(const CharT *const s) noexcept
|     {
|       return strlen_c_r(s, 0UL);
|     }
| 
|     static_assert(strlen_c("") == 0UL, "");
|     static_assert(strlen_c("1") == 1UL, "");
|     static_assert(strlen_c("example") == 7UL, "");
|     static_assert(strlen_c("another\0example") == 7UL, "");
| 
|   }
| 
|   namespace test_rvalue_references
|   {
| 
|     template < int N >
|     struct answer
|     {
|       static constexpr int value = N;
|     };
| 
|     answer<1> f(int&)       { return answer<1>(); }
|     answer<2> f(const int&) { return answer<2>(); }
|     answer<3> f(int&&)      { return answer<3>(); }
| 
|     void
|     test()
|     {
|       int i = 0;
|       const int c = 0;
|       static_assert(decltype(f(i))::value == 1, "");
|       static_assert(decltype(f(c))::value == 2, "");
|       static_assert(decltype(f(0))::value == 3, "");
|     }
| 
|   }
| 
|   namespace test_uniform_initialization
|   {
| 
|     struct test
|     {
|       static const int zero {};
|       static const int one {1};
|     };
| 
|     static_assert(test::zero == 0, "");
|     static_assert(test::one == 1, "");
| 
|   }
| 
|   namespace test_lambdas
|   {
| 
|     void
|     test1()
|     {
|       auto lambda1 = [](){};
|       auto lambda2 = lambda1;
|       lambda1();
|       lambda2();
|     }
| 
|     int
|     test2()
|     {
|       auto a = [](int i, int j){ return i + j; }(1, 2);
|       auto b = []() -> int { return '0'; }();
|       auto c = [=](){ return a + b; }();
|       auto d = [&](){ return c; }();
|       auto e = [a, &b](int x) mutable {
|         const auto identity = [](int y){ return y; };
|         for (auto i = 0; i < a; ++i)
|           a += b--;
|         return x + identity(a + b);
|       }(0);
|       return a + b + c + d + e;
|     }
| 
|     int
|     test3()
|     {
|       const auto nullary = [](){ return 0; };
|       const auto unary = [](int x){ return x; };
|       using nullary_t = decltype(nullary);
|       using unary_t = decltype(unary);
|       const auto higher1st = [](nullary_t f){ return f(); };
|       const auto higher2nd = [unary](nullary_t f1){
|         return [unary, f1](unary_t f2){ return f2(unary(f1())); };
|       };
|       return higher1st(nullary) + higher2nd(nullary)(unary);
|     }
| 
|   }
| 
|   namespace test_variadic_templates
|   {
| 
|     template <int...>
|     struct sum;
| 
|     template <int N0, int... N1toN>
|     struct sum<N0, N1toN...>
|     {
|       static constexpr auto value = N0 + sum<N1toN...>::value;
|     };
| 
|     template <>
|     struct sum<>
|     {
|       static constexpr auto value = 0;
|     };
| 
|     static_assert(sum<>::value == 0, "");
|     static_assert(sum<1>::value == 1, "");
|     static_assert(sum<23>::value == 23, "");
|     static_assert(sum<1, 2>::value == 3, "");
|     static_assert(sum<5, 5, 11>::value == 21, "");
|     static_assert(sum<2, 3, 5, 7, 11, 13>::value == 41, "");
| 
|   }
| 
|   // http://stackoverflow.com/questions/13728184/template-aliases-and-sfinae
|   // Clang 3.1 fails with headers of libstd++ 4.8.3 when using std::function
|   // because of this.
|   namespace test_template_alias_sfinae
|   {
| 
|     struct foo {};
| 
|     template<typename T>
|     using member = typename T::member_type;
| 
|     template<typename T>
|     void func(...) {}
| 
|     template<typename T>
|     void func(member<T>*) {}
| 
|     void test();
| 
|     void test() { func<foo>(0); }
| 
|   }
| 
| }  // namespace cxx11
| 
| #endif  // __cplusplus >= 201103L
| 
| 
| 
configure:7822: result: no
configure:7517: checking whether g++ supports C++11 features with -h std=c++11
configure:7813: g++ -h std=c++11 -c -g -O2  conftest.cpp >&5
g++: unrecognized option '-h'
conftest.cpp:20:2: error: #error "This is not a C++11 compiler"
configure:7813: $? = 1
configure: failed program was:
| /* confdefs.h */
| #define PACKAGE_NAME ""
| #define PACKAGE_TARNAME ""
| #define PACKAGE_VERSION ""
| #define PACKAGE_STRING ""
| #define PACKAGE_BUGREPORT ""
| #define PACKAGE_URL ""
| /* end confdefs.h.  */
| 
| 
| // If the compiler admits that it is not ready for C++11, why torture it?
| // Hopefully, this will speed up the test.
| 
| #ifndef __cplusplus
| 
| #error "This is not a C++ compiler"
| 
| #elif __cplusplus < 201103L
| 
| #error "This is not a C++11 compiler"
| 
| #else
| 
| namespace cxx11
| {
| 
|   namespace test_static_assert
|   {
| 
|     template <typename T>
|     struct check
|     {
|       static_assert(sizeof(int) <= sizeof(T), "not big enough");
|     };
| 
|   }
| 
|   namespace test_final_override
|   {
| 
|     struct Base
|     {
|       virtual void f() {}
|     };
| 
|     struct Derived : public Base
|     {
|       virtual void f() override {}
|     };
| 
|   }
| 
|   namespace test_double_right_angle_brackets
|   {
| 
|     template < typename T >
|     struct check {};
| 
|     typedef check<void> single_type;
|     typedef check<check<void>> double_type;
|     typedef check<check<check<void>>> triple_type;
|     typedef check<check<check<check<void>>>> quadruple_type;
| 
|   }
| 
|   namespace test_decltype
|   {
| 
|     int
|     f()
|     {
|       int a = 1;
|       decltype(a) b = 2;
|       return a + b;
|     }
| 
|   }
| 
|   namespace test_type_deduction
|   {
| 
|     template < typename T1, typename T2 >
|     struct is_same
|     {
|       static const bool value = false;
|     };
| 
|     template < typename T >
|     struct is_same<T, T>
|     {
|       static const bool value = true;
|     };
| 
|     template < typename T1, typename T2 >
|     auto
|     add(T1 a1, T2 a2) -> decltype(a1 + a2)
|     {
|       return a1 + a2;
|     }
| 
|     int
|     test(const int c, volatile int v)
|     {
|       static_assert(is_same<int, decltype(0)>::value == true, "");
|       static_assert(is_same<int, decltype(c)>::value == false, "");
|       static_assert(is_same<int, decltype(v)>::value == false, "");
|       auto ac = c;
|       auto av = v;
|       auto sumi = ac + av + 'x';
|       auto sumf = ac + av + 1.0;
|       static_assert(is_same<int, decltype(ac)>::value == true, "");
|       static_assert(is_same<int, decltype(av)>::value == true, "");
|       static_assert(is_same<int, decltype(sumi)>::value == true, "");
|       static_assert(is_same<int, decltype(sumf)>::value == false, "");
|       static_assert(is_same<int, decltype(add(c, v))>::value == true, "");
|       return (sumf > 0.0) ? sumi : add(c, v);
|     }
| 
|   }
| 
|   namespace test_noexcept
|   {
| 
|     int f() { return 0; }
|     int g() noexcept { return 0; }
| 
|     static_assert(noexcept(f()) == false, "");
|     static_assert(noexcept(g()) == true, "");
| 
|   }
| 
|   namespace test_constexpr
|   {
| 
|     template < typename CharT >
|     unsigned long constexpr
|     strlen_c_r(const CharT *const s, const unsigned long acc) noexcept
|     {
|       return *s ? strlen_c_r(s + 1, acc + 1) : acc;
|     }
| 
|     template < typename CharT >
|     unsigned long constexpr
|     strlen_c(const CharT *const s) noexcept
|     {
|       return strlen_c_r(s, 0UL);
|     }
| 
|     static_assert(strlen_c("") == 0UL, "");
|     static_assert(strlen_c("1") == 1UL, "");
|     static_assert(strlen_c("example") == 7UL, "");
|     static_assert(strlen_c("another\0example") == 7UL, "");
| 
|   }
| 
|   namespace test_rvalue_references
|   {
| 
|     template < int N >
|     struct answer
|     {
|       static constexpr int value = N;
|     };
| 
|     answer<1> f(int&)       { return answer<1>(); }
|     answer<2> f(const int&) { return answer<2>(); }
|     answer<3> f(int&&)      { return answer<3>(); }
| 
|     void
|     test()
|     {
|       int i = 0;
|       const int c = 0;
|       static_assert(decltype(f(i))::value == 1, "");
|       static_assert(decltype(f(c))::value == 2, "");
|       static_assert(decltype(f(0))::value == 3, "");
|     }
| 
|   }
| 
|   namespace test_uniform_initialization
|   {
| 
|     struct test
|     {
|       static const int zero {};
|       static const int one {1};
|     };
| 
|     static_assert(test::zero == 0, "");
|     static_assert(test::one == 1, "");
| 
|   }
| 
|   namespace test_lambdas
|   {
| 
|     void
|     test1()
|     {
|       auto lambda1 = [](){};
|       auto lambda2 = lambda1;
|       lambda1();
|       lambda2();
|     }
| 
|     int
|     test2()
|     {
|       auto a = [](int i, int j){ return i + j; }(1, 2);
|       auto b = []() -> int { return '0'; }();
|       auto c = [=](){ return a + b; }();
|       auto d = [&](){ return c; }();
|       auto e = [a, &b](int x) mutable {
|         const auto identity = [](int y){ return y; };
|         for (auto i = 0; i < a; ++i)
|           a += b--;
|         return x + identity(a + b);
|       }(0);
|       return a + b + c + d + e;
|     }
| 
|     int
|     test3()
|     {
|       const auto nullary = [](){ return 0; };
|       const auto unary = [](int x){ return x; };
|       using nullary_t = decltype(nullary);
|       using unary_t = decltype(unary);
|       const auto higher1st = [](nullary_t f){ return f(); };
|       const auto higher2nd = [unary](nullary_t f1){
|         return [unary, f1](unary_t f2){ return f2(unary(f1())); };
|       };
|       return higher1st(nullary) + higher2nd(nullary)(unary);
|     }
| 
|   }
| 
|   namespace test_variadic_templates
|   {
| 
|     template <int...>
|     struct sum;
| 
|     template <int N0, int... N1toN>
|     struct sum<N0, N1toN...>
|     {
|       static constexpr auto value = N0 + sum<N1toN...>::value;
|     };
| 
|     template <>
|     struct sum<>
|     {
|       static constexpr auto value = 0;
|     };
| 
|     static_assert(sum<>::value == 0, "");
|     static_assert(sum<1>::value == 1, "");
|     static_assert(sum<23>::value == 23, "");
|     static_assert(sum<1, 2>::value == 3, "");
|     static_assert(sum<5, 5, 11>::value == 21, "");
|     static_assert(sum<2, 3, 5, 7, 11, 13>::value == 41, "");
| 
|   }
| 
|   // http://stackoverflow.com/questions/13728184/template-aliases-and-sfinae
|   // Clang 3.1 fails with headers of libstd++ 4.8.3 when using std::function
|   // because of this.
|   namespace test_template_alias_sfinae
|   {
| 
|     struct foo {};
| 
|     template<typename T>
|     using member = typename T::member_type;
| 
|     template<typename T>
|     void func(...) {}
| 
|     template<typename T>
|     void func(member<T>*) {}
| 
|     void test();
| 
|     void test() { func<foo>(0); }
| 
|   }
| 
| }  // namespace cxx11
| 
| #endif  // __cplusplus >= 201103L
| 
| 
| 
configure:7822: result: no
configure:7842: error: *** A compiler with support for C++11 language features is required.

## ---------------- ##
## Cache variables. ##
## ---------------- ##

ac_cv_build=x86_64-pc-linux-gnu
ac_cv_c_compiler_gnu=yes
ac_cv_cflags_warn_all=-Wall
ac_cv_cxx_compiler_gnu=yes
ac_cv_cxxflags_warn_all=-Wall
ac_cv_env_CCC_set=
ac_cv_env_CCC_value=
ac_cv_env_CC_set=
ac_cv_env_CC_value=
ac_cv_env_CFLAGS_set=
ac_cv_env_CFLAGS_value=
ac_cv_env_CPPFLAGS_set=
ac_cv_env_CPPFLAGS_value=
ac_cv_env_CPP_set=
ac_cv_env_CPP_value=
ac_cv_env_CXXCPP_set=
ac_cv_env_CXXCPP_value=
ac_cv_env_CXXFLAGS_set=
ac_cv_env_CXXFLAGS_value=
ac_cv_env_CXX_set=
ac_cv_env_CXX_value=
ac_cv_env_EXR_CFLAGS_set=
ac_cv_env_EXR_CFLAGS_value=
ac_cv_env_EXR_LIBS_set=
ac_cv_env_EXR_LIBS_value=
ac_cv_env_HDF5_CFLAGS_set=
ac_cv_env_HDF5_CFLAGS_value=
ac_cv_env_HDF5_LIBS_set=
ac_cv_env_HDF5_LIBS_value=
ac_cv_env_HEIF_CFLAGS_set=
ac_cv_env_HEIF_CFLAGS_value=
ac_cv_env_HEIF_LIBS_set=
ac_cv_env_HEIF_LIBS_value=
ac_cv_env_JXL_CFLAGS_set=
ac_cv_env_JXL_CFLAGS_value=
ac_cv_env_JXL_LIBS_set=
ac_cv_env_JXL_LIBS_value=
ac_cv_env_LDFLAGS_set=
ac_cv_env_LDFLAGS_value=
ac_cv_env_LIBDAP_CFLAGS_set=
ac_cv_env_LIBDAP_CFLAGS_value=
ac_cv_env_LIBDAP_LIBS_set=
ac_cv_env_LIBDAP_LIBS_value=
ac_cv_env_LIBKML_CFLAGS_set=
ac_cv_env_LIBKML_CFLAGS_value=
ac_cv_env_LIBKML_LIBS_set=
ac_cv_env_LIBKML_LIBS_value=
ac_cv_env_LIBS_set=
ac_cv_env_LIBS_value=
ac_cv_env_LIBXML2_CFLAGS_set=
ac_cv_env_LIBXML2_CFLAGS_value=
ac_cv_env_LIBXML2_LIBS_set=
ac_cv_env_LIBXML2_LIBS_value=
ac_cv_env_LT_SYS_LIBRARY_PATH_set=
ac_cv_env_LT_SYS_LIBRARY_PATH_value=
ac_cv_env_MONGOCXXV3_CFLAGS_set=
ac_cv_env_MONGOCXXV3_CFLAGS_value=
ac_cv_env_MONGOCXXV3_LIBS_set=
ac_cv_env_MONGOCXXV3_LIBS_value=
ac_cv_env_OGDI_CFLAGS_set=
ac_cv_env_OGDI_CFLAGS_value=
ac_cv_env_OGDI_LIBS_set=
ac_cv_env_OGDI_LIBS_value=
ac_cv_env_OPENJPEG_CFLAGS_set=
ac_cv_env_OPENJPEG_CFLAGS_value=
ac_cv_env_OPENJPEG_LIBS_set=
ac_cv_env_OPENJPEG_LIBS_value=
ac_cv_env_PKG_CONFIG_LIBDIR_set=
ac_cv_env_PKG_CONFIG_LIBDIR_value=
ac_cv_env_PKG_CONFIG_PATH_set=set
ac_cv_env_PKG_CONFIG_PATH_value=/home/ymp1zkxjtgya/.python/lib/pkgconfig:
ac_cv_env_PKG_CONFIG_set=
ac_cv_env_PKG_CONFIG_value=
ac_cv_env_POPPLER_CFLAGS_set=
ac_cv_env_POPPLER_CFLAGS_value=
ac_cv_env_POPPLER_LIBS_set=
ac_cv_env_POPPLER_LIBS_value=
ac_cv_env_PQ_CFLAGS_set=
ac_cv_env_PQ_CFLAGS_value=
ac_cv_env_PQ_LIBS_set=
ac_cv_env_PQ_LIBS_value=
ac_cv_env_bashcompdir_set=
ac_cv_env_bashcompdir_value=
ac_cv_env_build_alias_set=
ac_cv_env_build_alias_value=
ac_cv_env_host_alias_set=
ac_cv_env_host_alias_value=
ac_cv_env_target_alias_set=
ac_cv_env_target_alias_value=
ac_cv_host=x86_64-pc-linux-gnu
ac_cv_objext=o
ac_cv_prog_ac_ct_CC=gcc
ac_cv_prog_ac_ct_CXX=g++
ac_cv_prog_cc_c89=
ac_cv_prog_cc_g=yes
ac_cv_prog_cxx_g=yes
ax_cv_c_compiler_vendor=gnu
ax_cv_check_cflags__Wcomma=no
ax_cv_check_cflags__Wdate_time=no
ax_cv_check_cflags__Wdocumentation__Wno_documentation_deprecated_sync=no
ax_cv_check_cflags__Wduplicated_cond=no
ax_cv_check_cflags__Werror_vla=yes
ax_cv_check_cflags__Wextra=yes
ax_cv_check_cflags__Wfloat_conversion=no
ax_cv_check_cflags__Wformat=yes
ax_cv_check_cflags__Wformat__Werror_format_security__Wno_format_nonliteral=yes
ax_cv_check_cflags__Winit_self=yes
ax_cv_check_cflags__Wlogical_op=yes
ax_cv_check_cflags__Wmissing_declarations=yes
ax_cv_check_cflags__Wmissing_include_dirs=yes
ax_cv_check_cflags__Wmissing_prototypes=yes
ax_cv_check_cflags__Wno_sign_compare=yes
ax_cv_check_cflags__Wnull_dereference=no
ax_cv_check_cflags__Wshadow=yes
ax_cv_check_cflags__Wshorten_64_to_32=no
ax_cv_check_cflags__Wunused_parameter=yes
ax_cv_check_cflags___Werror__we10006=yes
ax_cv_check_cflags__diag_disable_188_1684_2259_2304_3280_11074_11076=no
ax_cv_check_cxxflags__Weffcpp=yes
ax_cv_check_cxxflags__Wextra_semi=no
ax_cv_check_cxxflags__Wmissing_declarations=yes
ax_cv_check_cxxflags__Wnon_virtual_dtor=yes
ax_cv_check_cxxflags__Wold_style_cast=yes
ax_cv_check_cxxflags__Woverloaded_virtual=yes
ax_cv_check_cxxflags__Wunused_private_field=no
ax_cv_check_cxxflags__Wzero_as_null_pointer_constant=no
ax_cv_check_cxxflags__fno_operator_names=yes
ax_cv_cxx_compile_cxx11=no
ax_cv_cxx_compile_cxx11__h_std_cpp11=no
ax_cv_cxx_compile_cxx11__std_cpp0x=no
ax_cv_cxx_compile_cxx11__std_cpp11=no
ax_cv_cxx_compile_cxx11_pstd_cpp11=no
ax_cv_cxx_compiler_vendor=gnu

## ----------------- ##
## Output variables. ##
## ----------------- ##

AR=''
AS=''
AVXFLAGS=''
AWK=''
BINDINGS=''
BINTRUE=''
BRUNSLI_ENABLED=''
BRUNSLI_INCLUDE=''
BRUNSLI_LIB=''
CC='gcc'
CFLAGS='-g -O2'
CFLAGS_NOFTRAPV=''
CHARLS_INC=''
CPP=''
CPPFLAGS=''
CRUNCHDIR=''
CURL_INC=''
CURL_LIB=''
CURL_SETTING=''
CXX14_SUPPORT='no'
CXX='g++'
CXXCPP=''
CXXFLAGS='-g -O2'
CXXFLAGS_NOFTRAPV=''
CXXFLAGS_NO_LTO_IF_AVX_NONDEFAULT=''
CXXFLAGS_NO_LTO_IF_SSSE3_NONDEFAULT=''
CXX_WFLAGS='-Wall -Wextra -Winit-self -Wunused-parameter -Wformat -Werror=format-security -Wno-format-nonliteral -Wlogical-op -Wshadow -Wmissing-include-dirs -Werror=vla -Wmissing-declarations -Wnon-virtual-dtor -Woverloaded-virtual -fno-operator-names'
C_WFLAGS='-Wall  -Wextra -Winit-self -Wunused-parameter -Wmissing-prototypes -Wmissing-declarations -Wformat -Werror=format-security -Wno-format-nonliteral -Wlogical-op -Wshadow -Wmissing-include-dirs -Werror=vla'
DDS_SETTING=''
DEFS=''
DLLTOOL=''
DODS_INC=''
DSYMUTIL=''
DUMPBIN=''
ECHO_C=''
ECHO_N='-n'
ECHO_T=''
ECW_FLAGS=''
ECW_INCLUDE=''
ECW_LIBS=''
ECW_SETTING=''
EGREP=''
ENABLE_UFFD=''
EXEEXT=''
EXE_EXT=''
EXPAT_CFLAGS=''
EXPAT_INCLUDE=''
EXPAT_LDFLAGS=''
EXPAT_VERSION=''
EXR_CFLAGS=''
EXR_LIBS=''
EXTRA_INCLUDES=''
FGDB_ENABLED=''
FGDB_INC=''
FGDB_LIB=''
FGREP=''
FITS_SETTING=''
FREEXL_INCLUDE=''
GDALFORMATS_ENABLED=''
GDAL_VER=''
GDAL_VERSION_MAJOR=''
GDAL_VERSION_MINOR=''
GDAL_VERSION_REV=''
GEOS_CFLAGS=''
GEOS_CONFIG=''
GEOS_LIBS=''
GEOS_VERSION=''
GEOTIFF_INCLUDE=''
GEOTIFF_SETTING=''
GIF_SETTING=''
GNM_ENABLED=''
GRASS_GISBASE=''
GRASS_INCLUDE=''
GRASS_SETTING=''
GREP=''
GTA_SETTING=''
HAVE_ARMADILLO=''
HAVE_BLOSC=''
HAVE_CHARLS=''
HAVE_CRYPTOPP=''
HAVE_CXX11=''
HAVE_CXX14=''
HAVE_EXPAT=''
HAVE_FREEXL=''
HAVE_GCC_ATOMIC_BUILTINS=''
HAVE_GCC_BSWAP=''
HAVE_GEOS=''
HAVE_GRASS=''
HAVE_HDF4=''
HAVE_HDF5=''
HAVE_HIDE_INTERNAL_SYMBOLS=''
HAVE_IDB=''
HAVE_INGRES=''
HAVE_JASPER=''
HAVE_JXL=''
HAVE_KEA=''
HAVE_LERC=''
HAVE_LIBKML=''
HAVE_LIBTOOL=''
HAVE_LIBXML2=''
HAVE_LZ4=''
HAVE_MYSQL=''
HAVE_OCI=''
HAVE_OGDI=''
HAVE_OPENSSL_CRYPTO=''
HAVE_PCRE2=''
HAVE_PCRE=''
HAVE_PDFIUM=''
HAVE_PG=''
HAVE_PODOFO=''
HAVE_POPPLER=''
HAVE_RASTERLITE2=''
HAVE_SFCGAL=''
HAVE_SPATIALITE=''
HAVE_SQLITE=''
HAVE_TEIGHA=''
HAVE_XERCES=''
HDF4_HAS_MAXOPENFILES=''
HDF4_INCLUDE=''
HDF5_CFLAGS=''
HDF5_INCLUDE=''
HDF5_LIBS=''
HDFS_ENABLED=''
HDFS_INC=''
HDFS_LIB=''
HEIF_CFLAGS=''
HEIF_LIBS=''
IDB_INC=''
IDB_LIB=''
II_SYSTEM=''
INGRES_INC=''
INGRES_LIB=''
JASPER_FLAGS=''
JAVA_HOME='/usr/local/jdk'
JAVA_INC=''
JNI_LIB=''
JP2LURA_INCLUDE=''
JPEG12_ENABLED=''
JPEG_SETTING=''
JSON_INCLUDE=''
JVM_LIB=''
JXL_CFLAGS=''
JXL_LIBS=''
KAKDIR=''
KEA_CONFIG=''
KEA_INC=''
KEA_LIB=''
LD=''
LDFLAGS=''
LD_SHARED=''
LERC_INCLUDE=''
LIBCURL_CONFIG=''
LIBDAP_CFLAGS=''
LIBDAP_LIBS=''
LIBDEFLATE_SETTING=''
LIBICONV=''
LIBJSONC_SETTING=''
LIBKML_CFLAGS=''
LIBKML_INCLUDE=''
LIBKML_LDFLAGS=''
LIBKML_LDLAGS=''
LIBKML_LIBS=''
LIBKML_VERSION=''
LIBLZMA_SETTING=''
LIBOBJS=''
LIBS=''
LIBTOOL=''
LIBXML2_CFLAGS=''
LIBXML2_INC=''
LIBXML2_LIB=''
LIBXML2_LIBS=''
LIBZ_SETTING=''
LIPO=''
LN_S=''
LTLIBICONV=''
LTLIBOBJS=''
LT_SYS_LIBRARY_PATH=''
MACOSX_FRAMEWORK=''
MANIFEST_TOOL=''
MDB_ENABLED=''
MONGOCXXV3_CFLAGS=''
MONGOCXXV3_ENABLED=''
MONGOCXXV3_LIBS=''
MONGODB_ENABLED=''
MONGODB_INC=''
MONGODB_LIB=''
MRSID_FLAGS=''
MRSID_INCLUDE=''
MRSID_LIBS=''
MRSID_LIDAR_INCLUDE=''
MRSID_LIDAR_LIBS=''
MYSQL_CONFIG=''
MYSQL_INC=''
MYSQL_LIB=''
NETCDF_HAS_HDF4=''
NETCDF_HAS_NC4=''
NETCDF_MEM=''
NETCDF_NCCONFIG=''
NETCDF_ROOT=''
NETCDF_SETTING=''
NM=''
NMEDIT=''
NO_LOGICAL_OP_FLAG='-Wno-logical-op'
NO_NON_VIRTUAL_DTOR_FLAG='-Wno-non-virtual-dtor'
NO_SIGN_COMPARE='-Wno-sign-compare'
NO_UNUSED_PARAMETER_FLAG='-Wno-unused-parameter'
OBJDUMP=''
OBJEXT='o'
OCI_INCLUDE=''
ODBC_SETTING=''
OGDI_CFLAGS=''
OGDI_INCLUDE=''
OGDI_LIBS=''
OGRFORMATS_ENABLED=''
OGRFORMATS_ENABLED_CFLAGS=''
OPENCL_FLAGS=''
OPENCL_LIB=''
OPENJPEG_CFLAGS=''
OPENJPEG_LIBS=''
OPT_GDAL_FORMATS=''
ORACLE_OCI_CFLAGS=''
ORACLE_OCI_LDFLAGS=''
ORACLE_OCI_VERSION=''
OTOOL64=''
OTOOL=''
PACKAGE='gdal'
PACKAGE_BUGREPORT=''
PACKAGE_NAME=''
PACKAGE_STRING=''
PACKAGE_TARNAME=''
PACKAGE_URL=''
PACKAGE_VERSION=''
PAM_SETTING=''
PATH_SEPARATOR=':'
PCIDSK_INCLUDE=''
PCIDSK_LIB=''
PCIDSK_SETTING=''
PCRASTER_SETTING=''
PDFIUM_INC=''
PDFIUM_PLUGIN_LIB=''
PDF_PLUGIN=''
PG_INC=''
PG_LIB=''
PKG_CONFIG=''
PKG_CONFIG_LIBDIR=''
PKG_CONFIG_PATH='/home/ymp1zkxjtgya/.python/lib/pkgconfig:'
PNG_SETTING=''
PODOFO_INC=''
PODOFO_PLUGIN_LIB=''
POPPLER_CFLAGS=''
POPPLER_LIBS=''
POPPLER_MAJOR_VERSION=''
POPPLER_MINOR_VERSION=''
POPPLER_PLUGIN_LIB=''
PQ_CFLAGS=''
PQ_LIBS=''
PROJ_INCLUDE=''
PYTHON=''
PY_HAVE_SETUPTOOLS=''
QHULL_INCLUDE_SUBDIR_IS_LIBQHULL=''
QHULL_IS_LIBQHULL_R=''
QHULL_SETTING=''
RANLIB=''
RASDAMAN_ENABLED=''
RASDAMAN_INC=''
RASDAMAN_LIB=''
RASTERLITE2_CFLAGS=''
RDB_SETTING=''
RENAME_INTERNAL_LIBGEOTIFF_SYMBOLS=''
RENAME_INTERNAL_LIBTIFF_SYMBOLS=''
RENAME_INTERNAL_SHAPELIB_SYMBOLS=''
SED=''
SFCGAL_CFLAGS=''
SFCGAL_CONFIG=''
SFCGAL_LIBS=''
SFCGAL_VERSION=''
SHELL='/bin/sh'
SOSI_ENABLED=''
SOSI_INC=''
SOSI_LIB=''
SO_EXT=''
SPATIALITE_412_OR_LATER=''
SPATIALITE_INC=''
SPATIALITE_SONAME=''
SQLITE3_CFLAGS=''
SQLITE3_LDFLAGS=''
SQLITE3_VERSION=''
SQLITE_HAS_COLUMN_METADATA=''
SQLITE_INC=''
SSEFLAGS=''
SSSE3FLAGS=''
STRIP=''
TEIGHA_CPPFLAGS=''
TEIGHA_DIR=''
TIFF_JPEG12_ENABLED=''
TIFF_SETTING=''
TILEDB_SETTING=''
USE_ONLY_CRYPTODLL_ALG=''
WARN_EFFCPLUSPLUS=''
WARN_OLD_STYLE_CAST='-Wold-style-cast'
WEBP_SETTING=''
XERCES_CFLAGS=''
XERCES_INCLUDE=''
XERCES_LDFLAGS=''
XERCES_VERSION=''
X_FME_HOME=''
ZSTD_SETTING=''
ac_ct_AR=''
ac_ct_CC='gcc'
ac_ct_CXX='g++'
ac_ct_DUMPBIN=''
bashcompdir=''
bindir='${exec_prefix}/bin'
build='x86_64-pc-linux-gnu'
build_alias=''
build_cpu='x86_64'
build_os='linux-gnu'
build_vendor='pc'
datadir='${datarootdir}'
datarootdir='${prefix}/share'
docdir='${datarootdir}/doc/${PACKAGE}'
dvidir='${docdir}'
exec_prefix='NONE'
host='x86_64-pc-linux-gnu'
host_alias=''
host_cpu='x86_64'
host_os='linux-gnu'
host_vendor='pc'
htmldir='${docdir}'
includedir='${prefix}/include'
infodir='${datarootdir}/info'
libdir='${exec_prefix}/lib'
libexecdir='${exec_prefix}/libexec'
localedir='${datarootdir}/locale'
localstatedir='${prefix}/var'
mandir='${datarootdir}/man'
oldincludedir='/usr/include'
pdfdir='${docdir}'
prefix='NONE'
program_transform_name='s,x,x,'
psdir='${docdir}'
runstatedir='${localstatedir}/run'
sbindir='${exec_prefix}/sbin'
sharedstatedir='${prefix}/com'
sysconfdir='${prefix}/etc'
target_alias=''

## ----------- ##
## confdefs.h. ##
## ----------- ##

/* confdefs.h */
#define PACKAGE_NAME ""
#define PACKAGE_TARNAME ""
#define PACKAGE_VERSION ""
#define PACKAGE_STRING ""
#define PACKAGE_BUGREPORT ""
#define PACKAGE_URL ""

configure: exit 1
